<?xml version="1.0" encoding="UTF-8"?>
<!-- Generated by org.testng.reporters.JUnitXMLReporter -->
<testsuite hostname="LAPTOP-7C4LUEFP" name="Test" tests="8" failures="0" timestamp="14 Aug 2021 14:48:35 GMT" time="264.631" errors="0">
  <testcase name="test1" time="25.434" classname="org.testing.TestScripts.TC1"/>
  <testcase name="test1" time="19.851" classname="org.testing.TestScripts.TC2"/>
  <testcase name="test1" time="19.496" classname="org.testing.TestScripts.TC3"/>
  <testcase name="test1" time="22.339" classname="org.testing.TestScripts.TC4"/>
  <testcase name="test1" time="28.585" classname="org.testing.TestScripts.TC5"/>
  <testcase name="test1" time="37.123" classname="org.testing.TestScripts.TC6"/>
  <testcase name="test1" time="18.779" classname="org.testing.TestScripts.TC7"/>
  <testcase name="test1" time="20.247" classname="org.testing.TestScripts.TC8"/>
</testsuite> <!-- Test -->
