<?xml version="1.0" encoding="UTF-8"?>
<!-- Generated by org.testng.reporters.JUnitXMLReporter -->
<testsuite hostname="LAPTOP-7C4LUEFP" name="Command line test 7ae678e5-4943-4cc4-b86c-2f0039fc173a" tests="3" failures="0" timestamp="2 Sep 2021 14:36:24 GMT" time="137.656" errors="0">
  <testcase name="test1" time="34.115" classname="org.testing.TestScripts.TC3"/>
  <testcase name="test1" time="37.561" classname="org.testing.TestScripts.TC5"/>
  <testcase name="test1" time="33.796" classname="org.testing.TestScripts.TC8"/>
</testsuite> <!-- Command line test 7ae678e5-4943-4cc4-b86c-2f0039fc173a -->
